<?xml version="1.0" encoding="UTF-8"?>
<!-- Generated by org.testng.reporters.JUnitReportReporter -->
<testsuite hostname="ATMECSINDT-016" name="com.atmecs.shoptools.testscripts1.DemoqaOrderingPage" tests="1" failures="0" timestamp="27 Aug 2019 09:35:36 GMT" time="19.509" errors="0">
  <testcase name="orders" time="19.509" classname="com.atmecs.shoptools.testscripts1.DemoqaOrderingPage"/>
</testsuite> <!-- com.atmecs.shoptools.testscripts1.DemoqaOrderingPage -->
